  [4;36;1mSQL (91.6ms)[0m   [0;1mSET NAMES 'utf8'[0m
  [4;35;1mSQL (18.2ms)[0m   [0mSET SQL_AUTO_IS_NULL=0[0m
  [4;36;1mSQL (75.1ms)[0m   [0;1mCREATE DATABASE `videoapp_development` DEFAULT CHARACTER SET `utf8` COLLATE `utf8_general_ci`[0m
  [4;36;1mSQL (0.3ms)[0m   [0;1mSET NAMES 'utf8'[0m
  [4;35;1mSQL (0.2ms)[0m   [0mSET SQL_AUTO_IS_NULL=0[0m
  [4;36;1mSQL (476.3ms)[0m   [0;1mSHOW TABLES[0m
  [4;35;1mSQL (378.0ms)[0m   [0mCREATE TABLE `schema_migrations` (`version` varchar(255) NOT NULL) ENGINE=InnoDB[0m
  [4;36;1mSQL (101.5ms)[0m   [0;1mCREATE UNIQUE INDEX `unique_schema_migrations` ON `schema_migrations` (`version`)[0m
  [4;35;1mSQL (0.7ms)[0m   [0mSHOW TABLES[0m
  [4;36;1mSQL (0.9ms)[0m   [0;1mSELECT version FROM schema_migrations[0m
Migrating to CreateVideos (20090113090810)
  [4;35;1mSQL (53.1ms)[0m   [0mCREATE TABLE `videos` (`id` int(11) DEFAULT NULL auto_increment PRIMARY KEY, `content_type` varchar(255), `size` int(11), `filename` varchar(255), `title` varchar(255), `description` varchar(255), `state` varchar(255), `created_at` datetime, `updated_at` datetime) ENGINE=InnoDB[0m
  [4;36;1mSQL (17.8ms)[0m   [0;1mINSERT INTO schema_migrations (version) VALUES ('20090113090810')[0m
  [4;35;1mSQL (1.0ms)[0m   [0mSHOW TABLES[0m
  [4;36;1mSQL (1.1ms)[0m   [0;1mSELECT version FROM schema_migrations[0m
  [4;35;1mSQL (0.9ms)[0m   [0mSHOW TABLES[0m
  [4;36;1mSQL (98.8ms)[0m   [0;1mSHOW FIELDS FROM `videos`[0m
  [4;35;1mSQL (1.9ms)[0m   [0mdescribe `videos`[0m
  [4;36;1mSQL (0.9ms)[0m   [0;1mSHOW KEYS FROM `videos`[0m


Processing VideosController#index (for 127.0.0.1 at 2009-01-13 03:51:27) [GET]
  [4;36;1mSQL (0.4ms)[0m   [0;1mSET NAMES 'utf8'[0m
  [4;35;1mSQL (0.3ms)[0m   [0mSET SQL_AUTO_IS_NULL=0[0m
  [4;36;1mVideo Load (1.0ms)[0m   [0;1mSELECT * FROM `videos` [0m
Rendering template within layouts/application
Rendering videos/index


ActionView::TemplateError (undefined local variable or method `new_video_url' for #<ActionView::Base:0xb674b600>) on line #3 of app/views/videos/index.html.erb:
1: <h2>Videos</h2><br />
2: 
3: <%= link_to 'New Video', new_video_url %><br />
4: <% for video in @videos do %>
5:   <p><%= link_to video.title, video %></p>
6: <% end %>

    app/views/videos/index.html.erb:3
    /usr/lib/ruby/gems/1.8/gems/actionpack-2.2.2/lib/action_view/renderable.rb:39:in `send'
    /usr/lib/ruby/gems/1.8/gems/actionpack-2.2.2/lib/action_view/renderable.rb:39:in `render'
    /usr/lib/ruby/gems/1.8/gems/actionpack-2.2.2/lib/action_view/template.rb:73:in `render_template'
    /usr/lib/ruby/gems/1.8/gems/actionpack-2.2.2/lib/action_view/base.rb:256:in `render'
    /usr/lib/ruby/gems/1.8/gems/actionpack-2.2.2/lib/action_view/base.rb:367:in `_render_with_layout'
    /usr/lib/ruby/gems/1.8/gems/actionpack-2.2.2/lib/action_view/base.rb:254:in `render'
    /usr/lib/ruby/gems/1.8/gems/actionpack-2.2.2/lib/action_controller/base.rb:1174:in `render_for_file'
    /usr/lib/ruby/gems/1.8/gems/actionpack-2.2.2/lib/action_controller/base.rb:896:in `render_without_benchmark'
    /usr/lib/ruby/gems/1.8/gems/actionpack-2.2.2/lib/action_controller/benchmarking.rb:51:in `render'
    /usr/lib/ruby/gems/1.8/gems/activesupport-2.2.2/lib/active_support/core_ext/benchmark.rb:8:in `realtime'
    /usr/lib/ruby/gems/1.8/gems/actionpack-2.2.2/lib/action_controller/benchmarking.rb:51:in `render'
    /usr/lib/ruby/gems/1.8/gems/actionpack-2.2.2/lib/action_controller/base.rb:868:in `render_without_benchmark'
    /usr/lib/ruby/gems/1.8/gems/actionpack-2.2.2/lib/action_controller/benchmarking.rb:51:in `render'
    /usr/lib/ruby/gems/1.8/gems/activesupport-2.2.2/lib/active_support/core_ext/benchmark.rb:8:in `realtime'
    /usr/lib/ruby/gems/1.8/gems/actionpack-2.2.2/lib/action_controller/benchmarking.rb:51:in `render'
    /usr/lib/ruby/gems/1.8/gems/actionpack-2.2.2/lib/action_controller/base.rb:1248:in `default_render'
    /usr/lib/ruby/gems/1.8/gems/actionpack-2.2.2/lib/action_controller/base.rb:1254:in `perform_action_without_filters'
    /usr/lib/ruby/gems/1.8/gems/actionpack-2.2.2/lib/action_controller/filters.rb:617:in `call_filters'
    /usr/lib/ruby/gems/1.8/gems/actionpack-2.2.2/lib/action_controller/filters.rb:610:in `perform_action_without_benchmark'
    /usr/lib/ruby/gems/1.8/gems/actionpack-2.2.2/lib/action_controller/benchmarking.rb:68:in `perform_action_without_rescue'
    /usr/lib/ruby/1.8/benchmark.rb:293:in `measure'
    /usr/lib/ruby/gems/1.8/gems/actionpack-2.2.2/lib/action_controller/benchmarking.rb:68:in `perform_action_without_rescue'
    /usr/lib/ruby/gems/1.8/gems/actionpack-2.2.2/lib/action_controller/rescue.rb:136:in `perform_action_without_caching'
    /usr/lib/ruby/gems/1.8/gems/actionpack-2.2.2/lib/action_controller/caching/sql_cache.rb:13:in `perform_action'
    /usr/lib/ruby/gems/1.8/gems/activerecord-2.2.2/lib/active_record/connection_adapters/abstract/query_cache.rb:34:in `cache'
    /usr/lib/ruby/gems/1.8/gems/activerecord-2.2.2/lib/active_record/query_cache.rb:8:in `cache'
    /usr/lib/ruby/gems/1.8/gems/actionpack-2.2.2/lib/action_controller/caching/sql_cache.rb:12:in `perform_action'
    /usr/lib/ruby/gems/1.8/gems/actionpack-2.2.2/lib/action_controller/base.rb:524:in `send'
    /usr/lib/ruby/gems/1.8/gems/actionpack-2.2.2/lib/action_controller/base.rb:524:in `process_without_filters'
    /usr/lib/ruby/gems/1.8/gems/actionpack-2.2.2/lib/action_controller/filters.rb:606:in `process_without_session_management_support'
    /usr/lib/ruby/gems/1.8/gems/actionpack-2.2.2/lib/action_controller/session_management.rb:134:in `process'
    /usr/lib/ruby/gems/1.8/gems/actionpack-2.2.2/lib/action_controller/base.rb:392:in `process'
    /usr/lib/ruby/gems/1.8/gems/actionpack-2.2.2/lib/action_controller/dispatcher.rb:183:in `handle_request'
    /usr/lib/ruby/gems/1.8/gems/actionpack-2.2.2/lib/action_controller/dispatcher.rb:110:in `dispatch_unlocked'
    /usr/lib/ruby/gems/1.8/gems/actionpack-2.2.2/lib/action_controller/dispatcher.rb:123:in `dispatch'
    /usr/lib/ruby/gems/1.8/gems/actionpack-2.2.2/lib/action_controller/dispatcher.rb:122:in `synchronize'
    /usr/lib/ruby/gems/1.8/gems/actionpack-2.2.2/lib/action_controller/dispatcher.rb:122:in `dispatch'
    /usr/lib/ruby/gems/1.8/gems/actionpack-2.2.2/lib/action_controller/dispatcher.rb:132:in `dispatch_cgi'
    /usr/lib/ruby/gems/1.8/gems/actionpack-2.2.2/lib/action_controller/dispatcher.rb:39:in `dispatch'
    /usr/lib/ruby/gems/1.8/gems/mongrel-1.1.5/lib/mongrel/rails.rb:76:in `process'
    /usr/lib/ruby/gems/1.8/gems/mongrel-1.1.5/lib/mongrel/rails.rb:74:in `synchronize'
    /usr/lib/ruby/gems/1.8/gems/mongrel-1.1.5/lib/mongrel/rails.rb:74:in `process'
    /usr/lib/ruby/1.8/mongrel.rb:159:in `process_client'
    /usr/lib/ruby/1.8/mongrel.rb:158:in `each'
    /usr/lib/ruby/1.8/mongrel.rb:158:in `process_client'
    /usr/lib/ruby/1.8/mongrel.rb:285:in `run'
    /usr/lib/ruby/1.8/mongrel.rb:285:in `initialize'
    /usr/lib/ruby/1.8/mongrel.rb:285:in `new'
    /usr/lib/ruby/1.8/mongrel.rb:285:in `run'
    /usr/lib/ruby/1.8/mongrel.rb:268:in `initialize'
    /usr/lib/ruby/1.8/mongrel.rb:268:in `new'
    /usr/lib/ruby/1.8/mongrel.rb:268:in `run'
    /usr/lib/ruby/1.8/mongrel/configurator.rb:282:in `run'
    /usr/lib/ruby/1.8/mongrel/configurator.rb:281:in `each'
    /usr/lib/ruby/1.8/mongrel/configurator.rb:281:in `run'
    /usr/lib/ruby/gems/1.8/gems/mongrel-1.1.5/bin/mongrel_rails:128:in `run'
    /usr/lib/ruby/1.8/mongrel/command.rb:212:in `run'
    /usr/lib/ruby/gems/1.8/gems/mongrel-1.1.5/bin/mongrel_rails:281
    /usr/lib/ruby/gems/1.8/gems/activesupport-2.2.2/lib/active_support/dependencies.rb:142:in `load_without_new_constant_marking'
    /usr/lib/ruby/gems/1.8/gems/activesupport-2.2.2/lib/active_support/dependencies.rb:142:in `load'
    /usr/lib/ruby/gems/1.8/gems/activesupport-2.2.2/lib/active_support/dependencies.rb:521:in `new_constants_in'
    /usr/lib/ruby/gems/1.8/gems/activesupport-2.2.2/lib/active_support/dependencies.rb:142:in `load'
    /usr/lib/ruby/1.8/mongrel_rails:19
    /usr/lib/ruby/gems/1.8/gems/activesupport-2.2.2/lib/active_support/dependencies.rb:142:in `load_without_new_constant_marking'
    /usr/lib/ruby/gems/1.8/gems/activesupport-2.2.2/lib/active_support/dependencies.rb:142:in `load'
    /usr/lib/ruby/gems/1.8/gems/activesupport-2.2.2/lib/active_support/dependencies.rb:521:in `new_constants_in'
    /usr/lib/ruby/gems/1.8/gems/activesupport-2.2.2/lib/active_support/dependencies.rb:142:in `load'
    /usr/lib/ruby/gems/1.8/gems/rails-2.2.2/lib/commands/servers/mongrel.rb:64
    /usr/local/lib/site_ruby/1.8/rubygems/custom_require.rb:31:in `gem_original_require'
    /usr/local/lib/site_ruby/1.8/rubygems/custom_require.rb:31:in `require'
    /usr/lib/ruby/gems/1.8/gems/activesupport-2.2.2/lib/active_support/dependencies.rb:153:in `require'
    /usr/lib/ruby/gems/1.8/gems/activesupport-2.2.2/lib/active_support/dependencies.rb:521:in `new_constants_in'
    /usr/lib/ruby/gems/1.8/gems/activesupport-2.2.2/lib/active_support/dependencies.rb:153:in `require'
    /usr/lib/ruby/gems/1.8/gems/rails-2.2.2/lib/commands/server.rb:49
    /usr/local/lib/site_ruby/1.8/rubygems/custom_require.rb:31:in `gem_original_require'
    /usr/local/lib/site_ruby/1.8/rubygems/custom_require.rb:31:in `require'
    script/server:3

Rendered /usr/lib/ruby/gems/1.8/gems/actionpack-2.2.2/lib/action_controller/templates/rescues/_trace (168.1ms)
Rendered /usr/lib/ruby/gems/1.8/gems/actionpack-2.2.2/lib/action_controller/templates/rescues/_request_and_response (3.3ms)
Rendering /usr/lib/ruby/gems/1.8/gems/actionpack-2.2.2/lib/action_controller/templates/rescues/layout.erb (internal_server_error)


Processing VideosController#index (for 127.0.0.1 at 2009-01-13 03:53:44) [GET]
  [4;36;1mSQL (0.3ms)[0m   [0;1mSET NAMES 'utf8'[0m
  [4;35;1mSQL (0.3ms)[0m   [0mSET SQL_AUTO_IS_NULL=0[0m
  [4;36;1mVideo Load (0.5ms)[0m   [0;1mSELECT * FROM `videos` [0m
Rendering template within layouts/application
Rendering videos/index
Completed in 166ms (View: 16, DB: 1) | 200 OK [http://localhost/]


Processing ApplicationController#index (for 127.0.0.1 at 2009-01-13 03:53:45) [GET]


ActionController::RoutingError (No route matches "/javascripts/flowplayer.js" with {:method=>:get}):
    /usr/lib/ruby/gems/1.8/gems/actionpack-2.2.2/lib/action_controller/routing/recognition_optimisation.rb:66:in `recognize_path'
    /usr/lib/ruby/gems/1.8/gems/actionpack-2.2.2/lib/action_controller/routing/route_set.rb:386:in `recognize'
    /usr/lib/ruby/gems/1.8/gems/actionpack-2.2.2/lib/action_controller/dispatcher.rb:182:in `handle_request'
    /usr/lib/ruby/gems/1.8/gems/actionpack-2.2.2/lib/action_controller/dispatcher.rb:110:in `dispatch_unlocked'
    /usr/lib/ruby/gems/1.8/gems/actionpack-2.2.2/lib/action_controller/dispatcher.rb:123:in `dispatch'
    /usr/lib/ruby/gems/1.8/gems/actionpack-2.2.2/lib/action_controller/dispatcher.rb:122:in `synchronize'
    /usr/lib/ruby/gems/1.8/gems/actionpack-2.2.2/lib/action_controller/dispatcher.rb:122:in `dispatch'
    /usr/lib/ruby/gems/1.8/gems/actionpack-2.2.2/lib/action_controller/dispatcher.rb:132:in `dispatch_cgi'
    /usr/lib/ruby/gems/1.8/gems/actionpack-2.2.2/lib/action_controller/dispatcher.rb:39:in `dispatch'
    /usr/lib/ruby/gems/1.8/gems/mongrel-1.1.5/bin/../lib/mongrel/rails.rb:76:in `process'
    /usr/lib/ruby/gems/1.8/gems/mongrel-1.1.5/bin/../lib/mongrel/rails.rb:74:in `synchronize'
    /usr/lib/ruby/gems/1.8/gems/mongrel-1.1.5/bin/../lib/mongrel/rails.rb:74:in `process'
    /usr/lib/ruby/1.8/mongrel.rb:159:in `process_client'
    /usr/lib/ruby/1.8/mongrel.rb:158:in `each'
    /usr/lib/ruby/1.8/mongrel.rb:158:in `process_client'
    /usr/lib/ruby/1.8/mongrel.rb:285:in `run'
    /usr/lib/ruby/1.8/mongrel.rb:285:in `initialize'
    /usr/lib/ruby/1.8/mongrel.rb:285:in `new'
    /usr/lib/ruby/1.8/mongrel.rb:285:in `run'
    /usr/lib/ruby/1.8/mongrel.rb:268:in `initialize'
    /usr/lib/ruby/1.8/mongrel.rb:268:in `new'
    /usr/lib/ruby/1.8/mongrel.rb:268:in `run'
    /usr/lib/ruby/1.8/mongrel/configurator.rb:282:in `run'
    /usr/lib/ruby/1.8/mongrel/configurator.rb:281:in `each'
    /usr/lib/ruby/1.8/mongrel/configurator.rb:281:in `run'
    /usr/lib/ruby/gems/1.8/gems/mongrel-1.1.5/bin/mongrel_rails:128:in `run'
    /usr/lib/ruby/1.8/mongrel/command.rb:212:in `run'
    /usr/lib/ruby/gems/1.8/gems/mongrel-1.1.5/bin/mongrel_rails:281
    /usr/lib/ruby/gems/1.8/gems/activesupport-2.2.2/lib/active_support/dependencies.rb:142:in `load_without_new_constant_marking'
    /usr/lib/ruby/gems/1.8/gems/activesupport-2.2.2/lib/active_support/dependencies.rb:142:in `load'
    /usr/lib/ruby/gems/1.8/gems/activesupport-2.2.2/lib/active_support/dependencies.rb:521:in `new_constants_in'
    /usr/lib/ruby/gems/1.8/gems/activesupport-2.2.2/lib/active_support/dependencies.rb:142:in `load'
    /usr/lib/ruby/1.8/mongrel_rails:19
    /usr/lib/ruby/gems/1.8/gems/activesupport-2.2.2/lib/active_support/dependencies.rb:142:in `load_without_new_constant_marking'
    /usr/lib/ruby/gems/1.8/gems/activesupport-2.2.2/lib/active_support/dependencies.rb:142:in `load'
    /usr/lib/ruby/gems/1.8/gems/activesupport-2.2.2/lib/active_support/dependencies.rb:521:in `new_constants_in'
    /usr/lib/ruby/gems/1.8/gems/activesupport-2.2.2/lib/active_support/dependencies.rb:142:in `load'
    /usr/lib/ruby/gems/1.8/gems/rails-2.2.2/lib/commands/servers/mongrel.rb:64
    /usr/local/lib/site_ruby/1.8/rubygems/custom_require.rb:31:in `gem_original_require'
    /usr/local/lib/site_ruby/1.8/rubygems/custom_require.rb:31:in `require'
    /usr/lib/ruby/gems/1.8/gems/activesupport-2.2.2/lib/active_support/dependencies.rb:153:in `require'
    /usr/lib/ruby/gems/1.8/gems/activesupport-2.2.2/lib/active_support/dependencies.rb:521:in `new_constants_in'
    /usr/lib/ruby/gems/1.8/gems/activesupport-2.2.2/lib/active_support/dependencies.rb:153:in `require'
    /usr/lib/ruby/gems/1.8/gems/rails-2.2.2/lib/commands/server.rb:49
    /usr/local/lib/site_ruby/1.8/rubygems/custom_require.rb:31:in `gem_original_require'
    /usr/local/lib/site_ruby/1.8/rubygems/custom_require.rb:31:in `require'
    ./script/server:3

Rendering /usr/lib/ruby/gems/1.8/gems/actionpack-2.2.2/lib/action_controller/templates/rescues/layout.erb (not_found)


Processing VideosController#new (for 127.0.0.1 at 2009-01-13 03:53:46) [GET]
  [4;35;1mSQL (0.2ms)[0m   [0mSET NAMES 'utf8'[0m
  [4;36;1mSQL (0.3ms)[0m   [0;1mSET SQL_AUTO_IS_NULL=0[0m
  [4;35;1mVideo Columns (24.6ms)[0m   [0mSHOW FIELDS FROM `videos`[0m
Rendering template within layouts/application
Rendering videos/new
Completed in 114ms (View: 31, DB: 25) | 200 OK [http://localhost/videos/new]


Processing ApplicationController#index (for 127.0.0.1 at 2009-01-13 03:53:47) [GET]


ActionController::RoutingError (No route matches "/javascripts/flowplayer.js" with {:method=>:get}):
    /usr/lib/ruby/gems/1.8/gems/actionpack-2.2.2/lib/action_controller/routing/recognition_optimisation.rb:66:in `recognize_path'
    /usr/lib/ruby/gems/1.8/gems/actionpack-2.2.2/lib/action_controller/routing/route_set.rb:386:in `recognize'
    /usr/lib/ruby/gems/1.8/gems/actionpack-2.2.2/lib/action_controller/dispatcher.rb:182:in `handle_request'
    /usr/lib/ruby/gems/1.8/gems/actionpack-2.2.2/lib/action_controller/dispatcher.rb:110:in `dispatch_unlocked'
    /usr/lib/ruby/gems/1.8/gems/actionpack-2.2.2/lib/action_controller/dispatcher.rb:123:in `dispatch'
    /usr/lib/ruby/gems/1.8/gems/actionpack-2.2.2/lib/action_controller/dispatcher.rb:122:in `synchronize'
    /usr/lib/ruby/gems/1.8/gems/actionpack-2.2.2/lib/action_controller/dispatcher.rb:122:in `dispatch'
    /usr/lib/ruby/gems/1.8/gems/actionpack-2.2.2/lib/action_controller/dispatcher.rb:132:in `dispatch_cgi'
    /usr/lib/ruby/gems/1.8/gems/actionpack-2.2.2/lib/action_controller/dispatcher.rb:39:in `dispatch'
    /usr/lib/ruby/gems/1.8/gems/mongrel-1.1.5/bin/../lib/mongrel/rails.rb:76:in `process'
    /usr/lib/ruby/gems/1.8/gems/mongrel-1.1.5/bin/../lib/mongrel/rails.rb:74:in `synchronize'
    /usr/lib/ruby/gems/1.8/gems/mongrel-1.1.5/bin/../lib/mongrel/rails.rb:74:in `process'
    /usr/lib/ruby/1.8/mongrel.rb:159:in `process_client'
    /usr/lib/ruby/1.8/mongrel.rb:158:in `each'
    /usr/lib/ruby/1.8/mongrel.rb:158:in `process_client'
    /usr/lib/ruby/1.8/mongrel.rb:285:in `run'
    /usr/lib/ruby/1.8/mongrel.rb:285:in `initialize'
    /usr/lib/ruby/1.8/mongrel.rb:285:in `new'
    /usr/lib/ruby/1.8/mongrel.rb:285:in `run'
    /usr/lib/ruby/1.8/mongrel.rb:268:in `initialize'
    /usr/lib/ruby/1.8/mongrel.rb:268:in `new'
    /usr/lib/ruby/1.8/mongrel.rb:268:in `run'
    /usr/lib/ruby/1.8/mongrel/configurator.rb:282:in `run'
    /usr/lib/ruby/1.8/mongrel/configurator.rb:281:in `each'
    /usr/lib/ruby/1.8/mongrel/configurator.rb:281:in `run'
    /usr/lib/ruby/gems/1.8/gems/mongrel-1.1.5/bin/mongrel_rails:128:in `run'
    /usr/lib/ruby/1.8/mongrel/command.rb:212:in `run'
    /usr/lib/ruby/gems/1.8/gems/mongrel-1.1.5/bin/mongrel_rails:281
    /usr/lib/ruby/gems/1.8/gems/activesupport-2.2.2/lib/active_support/dependencies.rb:142:in `load_without_new_constant_marking'
    /usr/lib/ruby/gems/1.8/gems/activesupport-2.2.2/lib/active_support/dependencies.rb:142:in `load'
    /usr/lib/ruby/gems/1.8/gems/activesupport-2.2.2/lib/active_support/dependencies.rb:521:in `new_constants_in'
    /usr/lib/ruby/gems/1.8/gems/activesupport-2.2.2/lib/active_support/dependencies.rb:142:in `load'
    /usr/lib/ruby/1.8/mongrel_rails:19
    /usr/lib/ruby/gems/1.8/gems/activesupport-2.2.2/lib/active_support/dependencies.rb:142:in `load_without_new_constant_marking'
    /usr/lib/ruby/gems/1.8/gems/activesupport-2.2.2/lib/active_support/dependencies.rb:142:in `load'
    /usr/lib/ruby/gems/1.8/gems/activesupport-2.2.2/lib/active_support/dependencies.rb:521:in `new_constants_in'
    /usr/lib/ruby/gems/1.8/gems/activesupport-2.2.2/lib/active_support/dependencies.rb:142:in `load'
    /usr/lib/ruby/gems/1.8/gems/rails-2.2.2/lib/commands/servers/mongrel.rb:64
    /usr/local/lib/site_ruby/1.8/rubygems/custom_require.rb:31:in `gem_original_require'
    /usr/local/lib/site_ruby/1.8/rubygems/custom_require.rb:31:in `require'
    /usr/lib/ruby/gems/1.8/gems/activesupport-2.2.2/lib/active_support/dependencies.rb:153:in `require'
    /usr/lib/ruby/gems/1.8/gems/activesupport-2.2.2/lib/active_support/dependencies.rb:521:in `new_constants_in'
    /usr/lib/ruby/gems/1.8/gems/activesupport-2.2.2/lib/active_support/dependencies.rb:153:in `require'
    /usr/lib/ruby/gems/1.8/gems/rails-2.2.2/lib/commands/server.rb:49
    /usr/local/lib/site_ruby/1.8/rubygems/custom_require.rb:31:in `gem_original_require'
    /usr/local/lib/site_ruby/1.8/rubygems/custom_require.rb:31:in `require'
    ./script/server:3

Rendering /usr/lib/ruby/gems/1.8/gems/actionpack-2.2.2/lib/action_controller/templates/rescues/layout.erb (not_found)


Processing VideosController#create (for 127.0.0.1 at 2009-01-13 03:54:03) [POST]
  Parameters: {"commit"=>"Submit", "authenticity_token"=>"85eb602f16c98f0bb3c063beef6c1e8d6fac0d1e", "video"=>{"title"=>"Football", "uploaded_data"=>#<File:/tmp/CGI15986-3>, "description"=>"woot!"}}
  [4;36;1mSQL (0.3ms)[0m   [0;1mSET NAMES 'utf8'[0m
  [4;35;1mSQL (0.3ms)[0m   [0mSET SQL_AUTO_IS_NULL=0[0m
  [4;36;1mVideo Columns (2.6ms)[0m   [0;1mSHOW FIELDS FROM `videos`[0m
  [4;35;1mSQL (0.5ms)[0m   [0mBEGIN[0m
  [4;36;1mVideo Create (19.8ms)[0m   [0;1mINSERT INTO `videos` (`size`, `created_at`, `content_type`, `title`, `updated_at`, `filename`, `description`, `state`) VALUES(483011, '2009-01-13 09:54:03', 'video/mpeg', 'Football', '2009-01-13 09:54:03', 'teamentrance2.mpg', 'woot!', 'pending')[0m
  [4;35;1mSQL (18.0ms)[0m   [0mCOMMIT[0m
  [4;36;1mSQL (0.3ms)[0m   [0;1mBEGIN[0m
  [4;35;1mVideo Update (53.0ms)[0m   [0mUPDATE `videos` SET `updated_at` = '2009-01-13 09:54:03', `state` = 'converting' WHERE `id` = 1[0m
  [4;36;1mSQL (0.8ms)[0m   [0;1mCOMMIT[0m
Converting video...command:      ffmpeg -i /home/rledge21/www/videoapp/public/videos/0000/0001/teamentrance2.mpg  -ar 22050 -ab 32 -acodec mp3
      -s 480x360 -vcodec flv -r 25 -qscale 8 -f flv -y /home/rledge21/www/videoapp/public/videos/0000/0001/teamentrance2.mpg.1.flv
      


NoMethodError (undefined method `failure!' for #<Video:0xb6a3c0a8>):
    /usr/lib/ruby/gems/1.8/gems/activerecord-2.2.2/lib/active_record/attribute_methods.rb:260:in `method_missing'
    /app/models/video.rb:35:in `convert'
    /app/controllers/videos_controller.rb:17:in `create'
    /usr/lib/ruby/gems/1.8/gems/actionpack-2.2.2/lib/action_controller/base.rb:1253:in `send'
    /usr/lib/ruby/gems/1.8/gems/actionpack-2.2.2/lib/action_controller/base.rb:1253:in `perform_action_without_filters'
    /usr/lib/ruby/gems/1.8/gems/actionpack-2.2.2/lib/action_controller/filters.rb:617:in `call_filters'
    /usr/lib/ruby/gems/1.8/gems/actionpack-2.2.2/lib/action_controller/filters.rb:610:in `perform_action_without_benchmark'
    /usr/lib/ruby/gems/1.8/gems/actionpack-2.2.2/lib/action_controller/benchmarking.rb:68:in `perform_action_without_rescue'
    /usr/lib/ruby/1.8/benchmark.rb:293:in `measure'
    /usr/lib/ruby/gems/1.8/gems/actionpack-2.2.2/lib/action_controller/benchmarking.rb:68:in `perform_action_without_rescue'
    /usr/lib/ruby/gems/1.8/gems/actionpack-2.2.2/lib/action_controller/rescue.rb:136:in `perform_action_without_caching'
    /usr/lib/ruby/gems/1.8/gems/actionpack-2.2.2/lib/action_controller/caching/sql_cache.rb:13:in `perform_action'
    /usr/lib/ruby/gems/1.8/gems/activerecord-2.2.2/lib/active_record/connection_adapters/abstract/query_cache.rb:34:in `cache'
    /usr/lib/ruby/gems/1.8/gems/activerecord-2.2.2/lib/active_record/query_cache.rb:8:in `cache'
    /usr/lib/ruby/gems/1.8/gems/actionpack-2.2.2/lib/action_controller/caching/sql_cache.rb:12:in `perform_action'
    /usr/lib/ruby/gems/1.8/gems/actionpack-2.2.2/lib/action_controller/base.rb:524:in `send'
    /usr/lib/ruby/gems/1.8/gems/actionpack-2.2.2/lib/action_controller/base.rb:524:in `process_without_filters'
    /usr/lib/ruby/gems/1.8/gems/actionpack-2.2.2/lib/action_controller/filters.rb:606:in `process_without_session_management_support'
    /usr/lib/ruby/gems/1.8/gems/actionpack-2.2.2/lib/action_controller/session_management.rb:134:in `process'
    /usr/lib/ruby/gems/1.8/gems/actionpack-2.2.2/lib/action_controller/base.rb:392:in `process'
    /usr/lib/ruby/gems/1.8/gems/actionpack-2.2.2/lib/action_controller/dispatcher.rb:183:in `handle_request'
    /usr/lib/ruby/gems/1.8/gems/actionpack-2.2.2/lib/action_controller/dispatcher.rb:110:in `dispatch_unlocked'
    /usr/lib/ruby/gems/1.8/gems/actionpack-2.2.2/lib/action_controller/dispatcher.rb:123:in `dispatch'
    /usr/lib/ruby/gems/1.8/gems/actionpack-2.2.2/lib/action_controller/dispatcher.rb:122:in `synchronize'
    /usr/lib/ruby/gems/1.8/gems/actionpack-2.2.2/lib/action_controller/dispatcher.rb:122:in `dispatch'
    /usr/lib/ruby/gems/1.8/gems/actionpack-2.2.2/lib/action_controller/dispatcher.rb:132:in `dispatch_cgi'
    /usr/lib/ruby/gems/1.8/gems/actionpack-2.2.2/lib/action_controller/dispatcher.rb:39:in `dispatch'
    /usr/lib/ruby/gems/1.8/gems/mongrel-1.1.5/bin/../lib/mongrel/rails.rb:76:in `process'
    /usr/lib/ruby/gems/1.8/gems/mongrel-1.1.5/bin/../lib/mongrel/rails.rb:74:in `synchronize'
    /usr/lib/ruby/gems/1.8/gems/mongrel-1.1.5/bin/../lib/mongrel/rails.rb:74:in `process'
    /usr/lib/ruby/1.8/mongrel.rb:159:in `process_client'
    /usr/lib/ruby/1.8/mongrel.rb:158:in `each'
    /usr/lib/ruby/1.8/mongrel.rb:158:in `process_client'
    /usr/lib/ruby/1.8/mongrel.rb:285:in `run'
    /usr/lib/ruby/1.8/mongrel.rb:285:in `initialize'
    /usr/lib/ruby/1.8/mongrel.rb:285:in `new'
    /usr/lib/ruby/1.8/mongrel.rb:285:in `run'
    /usr/lib/ruby/1.8/mongrel.rb:268:in `initialize'
    /usr/lib/ruby/1.8/mongrel.rb:268:in `new'
    /usr/lib/ruby/1.8/mongrel.rb:268:in `run'
    /usr/lib/ruby/1.8/mongrel/configurator.rb:282:in `run'
    /usr/lib/ruby/1.8/mongrel/configurator.rb:281:in `each'
    /usr/lib/ruby/1.8/mongrel/configurator.rb:281:in `run'
    /usr/lib/ruby/gems/1.8/gems/mongrel-1.1.5/bin/mongrel_rails:128:in `run'
    /usr/lib/ruby/1.8/mongrel/command.rb:212:in `run'
    /usr/lib/ruby/gems/1.8/gems/mongrel-1.1.5/bin/mongrel_rails:281
    /usr/lib/ruby/gems/1.8/gems/activesupport-2.2.2/lib/active_support/dependencies.rb:142:in `load_without_new_constant_marking'
    /usr/lib/ruby/gems/1.8/gems/activesupport-2.2.2/lib/active_support/dependencies.rb:142:in `load'
    /usr/lib/ruby/gems/1.8/gems/activesupport-2.2.2/lib/active_support/dependencies.rb:521:in `new_constants_in'
    /usr/lib/ruby/gems/1.8/gems/activesupport-2.2.2/lib/active_support/dependencies.rb:142:in `load'
    /usr/lib/ruby/1.8/mongrel_rails:19
    /usr/lib/ruby/gems/1.8/gems/activesupport-2.2.2/lib/active_support/dependencies.rb:142:in `load_without_new_constant_marking'
    /usr/lib/ruby/gems/1.8/gems/activesupport-2.2.2/lib/active_support/dependencies.rb:142:in `load'
    /usr/lib/ruby/gems/1.8/gems/activesupport-2.2.2/lib/active_support/dependencies.rb:521:in `new_constants_in'
    /usr/lib/ruby/gems/1.8/gems/activesupport-2.2.2/lib/active_support/dependencies.rb:142:in `load'
    /usr/lib/ruby/gems/1.8/gems/rails-2.2.2/lib/commands/servers/mongrel.rb:64
    /usr/local/lib/site_ruby/1.8/rubygems/custom_require.rb:31:in `gem_original_require'
    /usr/local/lib/site_ruby/1.8/rubygems/custom_require.rb:31:in `require'
    /usr/lib/ruby/gems/1.8/gems/activesupport-2.2.2/lib/active_support/dependencies.rb:153:in `require'
    /usr/lib/ruby/gems/1.8/gems/activesupport-2.2.2/lib/active_support/dependencies.rb:521:in `new_constants_in'
    /usr/lib/ruby/gems/1.8/gems/activesupport-2.2.2/lib/active_support/dependencies.rb:153:in `require'
    /usr/lib/ruby/gems/1.8/gems/rails-2.2.2/lib/commands/server.rb:49
    /usr/local/lib/site_ruby/1.8/rubygems/custom_require.rb:31:in `gem_original_require'
    /usr/local/lib/site_ruby/1.8/rubygems/custom_require.rb:31:in `require'
    ./script/server:3

Rendered /usr/lib/ruby/gems/1.8/gems/actionpack-2.2.2/lib/action_controller/templates/rescues/_trace (117.8ms)
Rendered /usr/lib/ruby/gems/1.8/gems/actionpack-2.2.2/lib/action_controller/templates/rescues/_request_and_response (3.9ms)
Rendering /usr/lib/ruby/gems/1.8/gems/actionpack-2.2.2/lib/action_controller/templates/rescues/layout.erb (internal_server_error)


Processing VideosController#create (for 127.0.0.1 at 2009-01-13 03:54:57) [POST]
  Parameters: {"commit"=>"Submit", "authenticity_token"=>"85eb602f16c98f0bb3c063beef6c1e8d6fac0d1e", "video"=>{"title"=>"Football", "uploaded_data"=>#<File:/tmp/CGI15986-7>, "description"=>"woot!"}}
  [4;35;1mSQL (0.2ms)[0m   [0mSET NAMES 'utf8'[0m
  [4;36;1mSQL (0.2ms)[0m   [0;1mSET SQL_AUTO_IS_NULL=0[0m
  [4;35;1mVideo Columns (3.3ms)[0m   [0mSHOW FIELDS FROM `videos`[0m
  [4;36;1mSQL (0.5ms)[0m   [0;1mBEGIN[0m
  [4;35;1mVideo Create (1.3ms)[0m   [0mINSERT INTO `videos` (`size`, `created_at`, `content_type`, `title`, `updated_at`, `filename`, `description`, `state`) VALUES(483011, '2009-01-13 09:54:57', 'video/mpeg', 'Football', '2009-01-13 09:54:57', 'teamentrance2.mpg', 'woot!', 'pending')[0m
  [4;36;1mSQL (17.2ms)[0m   [0;1mCOMMIT[0m
  [4;35;1mSQL (0.3ms)[0m   [0mBEGIN[0m
  [4;36;1mVideo Update (1.4ms)[0m   [0;1mUPDATE `videos` SET `updated_at` = '2009-01-13 09:54:58', `state` = 'converting' WHERE `id` = 2[0m
  [4;35;1mSQL (2.6ms)[0m   [0mCOMMIT[0m
Converting video...command:      ffmpeg -i /home/rledge21/www/videoapp/public/videos/0000/0002/teamentrance2.mpg  -ar 22050 -ab 32 -acodec mp3
      -s 480x360 -vcodec flv -r 25 -qscale 8 -f flv -y /home/rledge21/www/videoapp/public/videos/0000/0002/teamentrance2.mpg.2.flv
      
  [4;36;1mSQL (0.3ms)[0m   [0;1mBEGIN[0m
  [4;35;1mVideo Update (0.8ms)[0m   [0mUPDATE `videos` SET `updated_at` = '2009-01-13 09:54:58', `state` = 'error' WHERE `id` = 2[0m
  [4;36;1mSQL (0.9ms)[0m   [0;1mCOMMIT[0m
Redirected to actionindex
Completed in 469ms (DB: 29) | 302 Found [http://localhost/videos]


Processing VideosController#index (for 127.0.0.1 at 2009-01-13 03:54:58) [GET]
  [4;35;1mSQL (0.1ms)[0m   [0mSET NAMES 'utf8'[0m
  [4;36;1mSQL (0.1ms)[0m   [0;1mSET SQL_AUTO_IS_NULL=0[0m
  [4;35;1mVideo Load (0.5ms)[0m   [0mSELECT * FROM `videos` [0m
Rendering template within layouts/application
Rendering videos/index
  [4;36;1mVideo Columns (1.7ms)[0m   [0;1mSHOW FIELDS FROM `videos`[0m
Completed in 44ms (View: 15, DB: 1) | 200 OK [http://localhost/]


Processing ApplicationController#index (for 127.0.0.1 at 2009-01-13 03:54:58) [GET]


ActionController::RoutingError (No route matches "/javascripts/flowplayer.js" with {:method=>:get}):
    /usr/lib/ruby/gems/1.8/gems/actionpack-2.2.2/lib/action_controller/routing/recognition_optimisation.rb:66:in `recognize_path'
    /usr/lib/ruby/gems/1.8/gems/actionpack-2.2.2/lib/action_controller/routing/route_set.rb:386:in `recognize'
    /usr/lib/ruby/gems/1.8/gems/actionpack-2.2.2/lib/action_controller/dispatcher.rb:182:in `handle_request'
    /usr/lib/ruby/gems/1.8/gems/actionpack-2.2.2/lib/action_controller/dispatcher.rb:110:in `dispatch_unlocked'
    /usr/lib/ruby/gems/1.8/gems/actionpack-2.2.2/lib/action_controller/dispatcher.rb:123:in `dispatch'
    /usr/lib/ruby/gems/1.8/gems/actionpack-2.2.2/lib/action_controller/dispatcher.rb:122:in `synchronize'
    /usr/lib/ruby/gems/1.8/gems/actionpack-2.2.2/lib/action_controller/dispatcher.rb:122:in `dispatch'
    /usr/lib/ruby/gems/1.8/gems/actionpack-2.2.2/lib/action_controller/dispatcher.rb:132:in `dispatch_cgi'
    /usr/lib/ruby/gems/1.8/gems/actionpack-2.2.2/lib/action_controller/dispatcher.rb:39:in `dispatch'
    /usr/lib/ruby/gems/1.8/gems/mongrel-1.1.5/bin/../lib/mongrel/rails.rb:76:in `process'
    /usr/lib/ruby/gems/1.8/gems/mongrel-1.1.5/bin/../lib/mongrel/rails.rb:74:in `synchronize'
    /usr/lib/ruby/gems/1.8/gems/mongrel-1.1.5/bin/../lib/mongrel/rails.rb:74:in `process'
    /usr/lib/ruby/1.8/mongrel.rb:159:in `process_client'
    /usr/lib/ruby/1.8/mongrel.rb:158:in `each'
    /usr/lib/ruby/1.8/mongrel.rb:158:in `process_client'
    /usr/lib/ruby/1.8/mongrel.rb:285:in `run'
    /usr/lib/ruby/1.8/mongrel.rb:285:in `initialize'
    /usr/lib/ruby/1.8/mongrel.rb:285:in `new'
    /usr/lib/ruby/1.8/mongrel.rb:285:in `run'
    /usr/lib/ruby/1.8/mongrel.rb:268:in `initialize'
    /usr/lib/ruby/1.8/mongrel.rb:268:in `new'
    /usr/lib/ruby/1.8/mongrel.rb:268:in `run'
    /usr/lib/ruby/1.8/mongrel/configurator.rb:282:in `run'
    /usr/lib/ruby/1.8/mongrel/configurator.rb:281:in `each'
    /usr/lib/ruby/1.8/mongrel/configurator.rb:281:in `run'
    /usr/lib/ruby/gems/1.8/gems/mongrel-1.1.5/bin/mongrel_rails:128:in `run'
    /usr/lib/ruby/1.8/mongrel/command.rb:212:in `run'
    /usr/lib/ruby/gems/1.8/gems/mongrel-1.1.5/bin/mongrel_rails:281
    /usr/lib/ruby/gems/1.8/gems/activesupport-2.2.2/lib/active_support/dependencies.rb:142:in `load_without_new_constant_marking'
    /usr/lib/ruby/gems/1.8/gems/activesupport-2.2.2/lib/active_support/dependencies.rb:142:in `load'
    /usr/lib/ruby/gems/1.8/gems/activesupport-2.2.2/lib/active_support/dependencies.rb:521:in `new_constants_in'
    /usr/lib/ruby/gems/1.8/gems/activesupport-2.2.2/lib/active_support/dependencies.rb:142:in `load'
    /usr/lib/ruby/1.8/mongrel_rails:19
    /usr/lib/ruby/gems/1.8/gems/activesupport-2.2.2/lib/active_support/dependencies.rb:142:in `load_without_new_constant_marking'
    /usr/lib/ruby/gems/1.8/gems/activesupport-2.2.2/lib/active_support/dependencies.rb:142:in `load'
    /usr/lib/ruby/gems/1.8/gems/activesupport-2.2.2/lib/active_support/dependencies.rb:521:in `new_constants_in'
    /usr/lib/ruby/gems/1.8/gems/activesupport-2.2.2/lib/active_support/dependencies.rb:142:in `load'
    /usr/lib/ruby/gems/1.8/gems/rails-2.2.2/lib/commands/servers/mongrel.rb:64
    /usr/local/lib/site_ruby/1.8/rubygems/custom_require.rb:31:in `gem_original_require'
    /usr/local/lib/site_ruby/1.8/rubygems/custom_require.rb:31:in `require'
    /usr/lib/ruby/gems/1.8/gems/activesupport-2.2.2/lib/active_support/dependencies.rb:153:in `require'
    /usr/lib/ruby/gems/1.8/gems/activesupport-2.2.2/lib/active_support/dependencies.rb:521:in `new_constants_in'
    /usr/lib/ruby/gems/1.8/gems/activesupport-2.2.2/lib/active_support/dependencies.rb:153:in `require'
    /usr/lib/ruby/gems/1.8/gems/rails-2.2.2/lib/commands/server.rb:49
    /usr/local/lib/site_ruby/1.8/rubygems/custom_require.rb:31:in `gem_original_require'
    /usr/local/lib/site_ruby/1.8/rubygems/custom_require.rb:31:in `require'
    ./script/server:3

Rendering /usr/lib/ruby/gems/1.8/gems/actionpack-2.2.2/lib/action_controller/templates/rescues/layout.erb (not_found)


Processing VideosController#show (for 127.0.0.1 at 2009-01-13 03:55:07) [GET]
  Parameters: {"id"=>"2"}
  [4;35;1mSQL (0.3ms)[0m   [0mSET NAMES 'utf8'[0m
  [4;36;1mSQL (0.3ms)[0m   [0;1mSET SQL_AUTO_IS_NULL=0[0m
  [4;35;1mVideo Columns (2.6ms)[0m   [0mSHOW FIELDS FROM `videos`[0m
  [4;36;1mVideo Load (2.0ms)[0m   [0;1mSELECT * FROM `videos` WHERE (`videos`.`id` = 2) [0m
Rendering template within layouts/application
Rendering videos/show
Completed in 90ms (View: 22, DB: 5) | 200 OK [http://localhost/videos/2]


Processing ApplicationController#index (for 127.0.0.1 at 2009-01-13 03:55:07) [GET]


ActionController::RoutingError (No route matches "/javascripts/flowplayer.js" with {:method=>:get}):
    /usr/lib/ruby/gems/1.8/gems/actionpack-2.2.2/lib/action_controller/routing/recognition_optimisation.rb:66:in `recognize_path'
    /usr/lib/ruby/gems/1.8/gems/actionpack-2.2.2/lib/action_controller/routing/route_set.rb:386:in `recognize'
    /usr/lib/ruby/gems/1.8/gems/actionpack-2.2.2/lib/action_controller/dispatcher.rb:182:in `handle_request'
    /usr/lib/ruby/gems/1.8/gems/actionpack-2.2.2/lib/action_controller/dispatcher.rb:110:in `dispatch_unlocked'
    /usr/lib/ruby/gems/1.8/gems/actionpack-2.2.2/lib/action_controller/dispatcher.rb:123:in `dispatch'
    /usr/lib/ruby/gems/1.8/gems/actionpack-2.2.2/lib/action_controller/dispatcher.rb:122:in `synchronize'
    /usr/lib/ruby/gems/1.8/gems/actionpack-2.2.2/lib/action_controller/dispatcher.rb:122:in `dispatch'
    /usr/lib/ruby/gems/1.8/gems/actionpack-2.2.2/lib/action_controller/dispatcher.rb:132:in `dispatch_cgi'
    /usr/lib/ruby/gems/1.8/gems/actionpack-2.2.2/lib/action_controller/dispatcher.rb:39:in `dispatch'
    /usr/lib/ruby/gems/1.8/gems/mongrel-1.1.5/bin/../lib/mongrel/rails.rb:76:in `process'
    /usr/lib/ruby/gems/1.8/gems/mongrel-1.1.5/bin/../lib/mongrel/rails.rb:74:in `synchronize'
    /usr/lib/ruby/gems/1.8/gems/mongrel-1.1.5/bin/../lib/mongrel/rails.rb:74:in `process'
    /usr/lib/ruby/1.8/mongrel.rb:159:in `process_client'
    /usr/lib/ruby/1.8/mongrel.rb:158:in `each'
    /usr/lib/ruby/1.8/mongrel.rb:158:in `process_client'
    /usr/lib/ruby/1.8/mongrel.rb:285:in `run'
    /usr/lib/ruby/1.8/mongrel.rb:285:in `initialize'
    /usr/lib/ruby/1.8/mongrel.rb:285:in `new'
    /usr/lib/ruby/1.8/mongrel.rb:285:in `run'
    /usr/lib/ruby/1.8/mongrel.rb:268:in `initialize'
    /usr/lib/ruby/1.8/mongrel.rb:268:in `new'
    /usr/lib/ruby/1.8/mongrel.rb:268:in `run'
    /usr/lib/ruby/1.8/mongrel/configurator.rb:282:in `run'
    /usr/lib/ruby/1.8/mongrel/configurator.rb:281:in `each'
    /usr/lib/ruby/1.8/mongrel/configurator.rb:281:in `run'
    /usr/lib/ruby/gems/1.8/gems/mongrel-1.1.5/bin/mongrel_rails:128:in `run'
    /usr/lib/ruby/1.8/mongrel/command.rb:212:in `run'
    /usr/lib/ruby/gems/1.8/gems/mongrel-1.1.5/bin/mongrel_rails:281
    /usr/lib/ruby/gems/1.8/gems/activesupport-2.2.2/lib/active_support/dependencies.rb:142:in `load_without_new_constant_marking'
    /usr/lib/ruby/gems/1.8/gems/activesupport-2.2.2/lib/active_support/dependencies.rb:142:in `load'
    /usr/lib/ruby/gems/1.8/gems/activesupport-2.2.2/lib/active_support/dependencies.rb:521:in `new_constants_in'
    /usr/lib/ruby/gems/1.8/gems/activesupport-2.2.2/lib/active_support/dependencies.rb:142:in `load'
    /usr/lib/ruby/1.8/mongrel_rails:19
    /usr/lib/ruby/gems/1.8/gems/activesupport-2.2.2/lib/active_support/dependencies.rb:142:in `load_without_new_constant_marking'
    /usr/lib/ruby/gems/1.8/gems/activesupport-2.2.2/lib/active_support/dependencies.rb:142:in `load'
    /usr/lib/ruby/gems/1.8/gems/activesupport-2.2.2/lib/active_support/dependencies.rb:521:in `new_constants_in'
    /usr/lib/ruby/gems/1.8/gems/activesupport-2.2.2/lib/active_support/dependencies.rb:142:in `load'
    /usr/lib/ruby/gems/1.8/gems/rails-2.2.2/lib/commands/servers/mongrel.rb:64
    /usr/local/lib/site_ruby/1.8/rubygems/custom_require.rb:31:in `gem_original_require'
    /usr/local/lib/site_ruby/1.8/rubygems/custom_require.rb:31:in `require'
    /usr/lib/ruby/gems/1.8/gems/activesupport-2.2.2/lib/active_support/dependencies.rb:153:in `require'
    /usr/lib/ruby/gems/1.8/gems/activesupport-2.2.2/lib/active_support/dependencies.rb:521:in `new_constants_in'
    /usr/lib/ruby/gems/1.8/gems/activesupport-2.2.2/lib/active_support/dependencies.rb:153:in `require'
    /usr/lib/ruby/gems/1.8/gems/rails-2.2.2/lib/commands/server.rb:49
    /usr/local/lib/site_ruby/1.8/rubygems/custom_require.rb:31:in `gem_original_require'
    /usr/local/lib/site_ruby/1.8/rubygems/custom_require.rb:31:in `require'
    ./script/server:3

Rendering /usr/lib/ruby/gems/1.8/gems/actionpack-2.2.2/lib/action_controller/templates/rescues/layout.erb (not_found)


Processing VideosController#show (for 127.0.0.1 at 2009-01-13 03:56:24) [GET]
  Parameters: {"id"=>"2"}
  [4;35;1mSQL (0.2ms)[0m   [0mSET NAMES 'utf8'[0m
  [4;36;1mSQL (0.3ms)[0m   [0;1mSET SQL_AUTO_IS_NULL=0[0m
  [4;35;1mVideo Columns (2.9ms)[0m   [0mSHOW FIELDS FROM `videos`[0m
  [4;36;1mVideo Load (0.6ms)[0m   [0;1mSELECT * FROM `videos` WHERE (`videos`.`id` = 2) [0m
Rendering template within layouts/application
Rendering videos/show
Completed in 106ms (View: 21, DB: 4) | 200 OK [http://localhost/videos/2]


Processing VideosController#show (for 127.0.0.1 at 2009-01-13 03:56:35) [GET]
  Parameters: {"id"=>"2"}
  [4;35;1mSQL (0.3ms)[0m   [0mSET NAMES 'utf8'[0m
  [4;36;1mSQL (0.3ms)[0m   [0;1mSET SQL_AUTO_IS_NULL=0[0m
  [4;35;1mVideo Columns (22.5ms)[0m   [0mSHOW FIELDS FROM `videos`[0m
  [4;36;1mVideo Load (0.4ms)[0m   [0;1mSELECT * FROM `videos` WHERE (`videos`.`id` = 2) [0m
Rendering template within layouts/application
Rendering videos/show
Completed in 104ms (View: 20, DB: 23) | 200 OK [http://localhost/videos/2]


Processing VideosController#show (for 127.0.0.1 at 2009-01-13 03:56:35) [GET]
  Parameters: {"id"=>"2"}
  [4;35;1mSQL (0.3ms)[0m   [0mSET NAMES 'utf8'[0m
  [4;36;1mSQL (0.3ms)[0m   [0;1mSET SQL_AUTO_IS_NULL=0[0m
  [4;35;1mVideo Columns (2.7ms)[0m   [0mSHOW FIELDS FROM `videos`[0m
  [4;36;1mVideo Load (0.5ms)[0m   [0;1mSELECT * FROM `videos` WHERE (`videos`.`id` = 2) [0m
Rendering template within layouts/application
Rendering videos/show
Completed in 294ms (View: 23, DB: 4) | 200 OK [http://localhost/videos/2]


Processing VideosController#create (for 127.0.0.1 at 2009-01-13 04:00:02) [POST]
  Parameters: {"commit"=>"Submit", "authenticity_token"=>"85eb602f16c98f0bb3c063beef6c1e8d6fac0d1e", "video"=>{"title"=>"Football", "uploaded_data"=>#<File:/tmp/CGI15986-3>, "description"=>"woot!"}}
  [4;35;1mSQL (0.3ms)[0m   [0mSET NAMES 'utf8'[0m
  [4;36;1mSQL (0.3ms)[0m   [0;1mSET SQL_AUTO_IS_NULL=0[0m
  [4;35;1mVideo Columns (3.0ms)[0m   [0mSHOW FIELDS FROM `videos`[0m
  [4;36;1mSQL (0.3ms)[0m   [0;1mBEGIN[0m
  [4;35;1mVideo Create (0.8ms)[0m   [0mINSERT INTO `videos` (`size`, `created_at`, `content_type`, `title`, `updated_at`, `filename`, `description`, `state`) VALUES(483011, '2009-01-13 10:00:02', 'video/mpeg', 'Football', '2009-01-13 10:00:02', 'teamentrance2.mpg', 'woot!', 'pending')[0m
  [4;36;1mSQL (19.0ms)[0m   [0;1mCOMMIT[0m
  [4;35;1mSQL (0.5ms)[0m   [0mBEGIN[0m
  [4;36;1mVideo Update (0.9ms)[0m   [0;1mUPDATE `videos` SET `updated_at` = '2009-01-13 10:00:02', `state` = 'converting' WHERE `id` = 3[0m
  [4;35;1mSQL (0.8ms)[0m   [0mCOMMIT[0m
Converting video...command:      ffmpeg -i /home/rledge21/www/videoapp/public/videos/0000/0003/teamentrance2.mpg  -ar 22050 -ab 32 -acodec mp3 -s 480x360 -vcodec flv -r 25 -qscale 8 -f flv -y /home/rledge21/www/videoapp/public/videos/0000/0003/teamentrance2.mpg.3.flv
      
  [4;36;1mSQL (0.3ms)[0m   [0;1mBEGIN[0m
  [4;35;1mVideo Update (0.9ms)[0m   [0mUPDATE `videos` SET `updated_at` = '2009-01-13 10:00:02', `state` = 'error' WHERE `id` = 3[0m
  [4;36;1mSQL (43.1ms)[0m   [0;1mCOMMIT[0m
Redirected to actionindex
Completed in 326ms (DB: 70) | 302 Found [http://localhost/videos]


Processing VideosController#index (for 127.0.0.1 at 2009-01-13 04:00:02) [GET]
  [4;35;1mSQL (0.3ms)[0m   [0mSET NAMES 'utf8'[0m
  [4;36;1mSQL (0.2ms)[0m   [0;1mSET SQL_AUTO_IS_NULL=0[0m
  [4;35;1mVideo Load (1.1ms)[0m   [0mSELECT * FROM `videos` [0m
Rendering template within layouts/application
Rendering videos/index
  [4;36;1mVideo Columns (2.5ms)[0m   [0;1mSHOW FIELDS FROM `videos`[0m
Completed in 93ms (View: 31, DB: 2) | 200 OK [http://localhost/]


Processing VideosController#show (for 127.0.0.1 at 2009-01-13 04:00:06) [GET]
  Parameters: {"id"=>"3"}
  [4;35;1mSQL (0.2ms)[0m   [0mSET NAMES 'utf8'[0m
  [4;36;1mSQL (0.3ms)[0m   [0;1mSET SQL_AUTO_IS_NULL=0[0m
  [4;35;1mVideo Columns (3.5ms)[0m   [0mSHOW FIELDS FROM `videos`[0m
  [4;36;1mVideo Load (1.2ms)[0m   [0;1mSELECT * FROM `videos` WHERE (`videos`.`id` = 3) [0m
Rendering template within layouts/application
Rendering videos/show
Completed in 86ms (View: 21, DB: 5) | 200 OK [http://localhost/videos/3]
